<?xml version="1.0" encoding="UTF-8"?>
<testsuite xmlns:xsi="http://www.w3.org/2001/XMLSchema-instance" xsi:noNamespaceSchemaLocation="https://maven.apache.org/surefire/maven-surefire-plugin/xsd/surefire-test-report-3.0.xsd" version="3.0" name="TestSuite" time="3.994" tests="3" errors="0" skipped="0" failures="0">
  <properties>
    <property name="java.specification.version" value="17"/>
    <property name="sun.jnu.encoding" value="UTF-8"/>
    <property name="java.class.path" value="/Users/parthadebnath/eclipse-Batch-40/practice/Batch40.Swaglabs.Partha/target/test-classes:/Users/parthadebnath/eclipse-Batch-40/practice/Batch40.Swaglabs.Partha/target/classes:/Users/parthadebnath/.m2/repository/com/microsoft/sqlserver/mssql-jdbc/7.2.2.jre8/mssql-jdbc-7.2.2.jre8.jar:/Users/parthadebnath/.m2/repository/org/seleniumhq/selenium/selenium-java/4.15.0/selenium-java-4.15.0.jar:/Users/parthadebnath/.m2/repository/org/seleniumhq/selenium/selenium-api/4.15.0/selenium-api-4.15.0.jar:/Users/parthadebnath/.m2/repository/org/seleniumhq/selenium/selenium-chrome-driver/4.15.0/selenium-chrome-driver-4.15.0.jar:/Users/parthadebnath/.m2/repository/com/google/auto/service/auto-service-annotations/1.1.1/auto-service-annotations-1.1.1.jar:/Users/parthadebnath/.m2/repository/org/seleniumhq/selenium/selenium-chromium-driver/4.15.0/selenium-chromium-driver-4.15.0.jar:/Users/parthadebnath/.m2/repository/org/seleniumhq/selenium/selenium-json/4.15.0/selenium-json-4.15.0.jar:/Users/parthadebnath/.m2/repository/org/seleniumhq/selenium/selenium-manager/4.15.0/selenium-manager-4.15.0.jar:/Users/parthadebnath/.m2/repository/org/seleniumhq/selenium/selenium-devtools-v117/4.15.0/selenium-devtools-v117-4.15.0.jar:/Users/parthadebnath/.m2/repository/org/seleniumhq/selenium/selenium-devtools-v118/4.15.0/selenium-devtools-v118-4.15.0.jar:/Users/parthadebnath/.m2/repository/org/seleniumhq/selenium/selenium-devtools-v119/4.15.0/selenium-devtools-v119-4.15.0.jar:/Users/parthadebnath/.m2/repository/org/seleniumhq/selenium/selenium-devtools-v85/4.15.0/selenium-devtools-v85-4.15.0.jar:/Users/parthadebnath/.m2/repository/org/seleniumhq/selenium/selenium-edge-driver/4.15.0/selenium-edge-driver-4.15.0.jar:/Users/parthadebnath/.m2/repository/org/seleniumhq/selenium/selenium-firefox-driver/4.15.0/selenium-firefox-driver-4.15.0.jar:/Users/parthadebnath/.m2/repository/org/seleniumhq/selenium/selenium-http/4.15.0/selenium-http-4.15.0.jar:/Users/parthadebnath/.m2/repository/dev/failsafe/failsafe/3.3.2/failsafe-3.3.2.jar:/Users/parthadebnath/.m2/repository/org/seleniumhq/selenium/selenium-ie-driver/4.15.0/selenium-ie-driver-4.15.0.jar:/Users/parthadebnath/.m2/repository/org/seleniumhq/selenium/selenium-remote-driver/4.15.0/selenium-remote-driver-4.15.0.jar:/Users/parthadebnath/.m2/repository/io/opentelemetry/opentelemetry-api/1.28.0/opentelemetry-api-1.28.0.jar:/Users/parthadebnath/.m2/repository/io/opentelemetry/opentelemetry-context/1.28.0/opentelemetry-context-1.28.0.jar:/Users/parthadebnath/.m2/repository/io/opentelemetry/opentelemetry-exporter-logging/1.28.0/opentelemetry-exporter-logging-1.28.0.jar:/Users/parthadebnath/.m2/repository/io/opentelemetry/opentelemetry-sdk-metrics/1.28.0/opentelemetry-sdk-metrics-1.28.0.jar:/Users/parthadebnath/.m2/repository/io/opentelemetry/opentelemetry-extension-incubator/1.28.0-alpha/opentelemetry-extension-incubator-1.28.0-alpha.jar:/Users/parthadebnath/.m2/repository/io/opentelemetry/opentelemetry-sdk-logs/1.28.0/opentelemetry-sdk-logs-1.28.0.jar:/Users/parthadebnath/.m2/repository/io/opentelemetry/opentelemetry-sdk-common/1.28.0/opentelemetry-sdk-common-1.28.0.jar:/Users/parthadebnath/.m2/repository/io/opentelemetry/opentelemetry-sdk-extension-autoconfigure-spi/1.28.0/opentelemetry-sdk-extension-autoconfigure-spi-1.28.0.jar:/Users/parthadebnath/.m2/repository/io/opentelemetry/opentelemetry-sdk-extension-autoconfigure/1.28.0/opentelemetry-sdk-extension-autoconfigure-1.28.0.jar:/Users/parthadebnath/.m2/repository/io/opentelemetry/opentelemetry-api-events/1.28.0-alpha/opentelemetry-api-events-1.28.0-alpha.jar:/Users/parthadebnath/.m2/repository/io/opentelemetry/opentelemetry-sdk-trace/1.28.0/opentelemetry-sdk-trace-1.28.0.jar:/Users/parthadebnath/.m2/repository/io/opentelemetry/opentelemetry-sdk/1.28.0/opentelemetry-sdk-1.28.0.jar:/Users/parthadebnath/.m2/repository/io/opentelemetry/opentelemetry-semconv/1.28.0-alpha/opentelemetry-semconv-1.28.0-alpha.jar:/Users/parthadebnath/.m2/repository/org/seleniumhq/selenium/selenium-os/4.15.0/selenium-os-4.15.0.jar:/Users/parthadebnath/.m2/repository/org/seleniumhq/selenium/selenium-safari-driver/4.15.0/selenium-safari-driver-4.15.0.jar:/Users/parthadebnath/.m2/repository/org/seleniumhq/selenium/selenium-support/4.15.0/selenium-support-4.15.0.jar:/Users/parthadebnath/.m2/repository/io/github/bonigarcia/webdrivermanager/5.5.3/webdrivermanager-5.5.3.jar:/Users/parthadebnath/.m2/repository/org/slf4j/slf4j-api/2.0.7/slf4j-api-2.0.7.jar:/Users/parthadebnath/.m2/repository/com/github/docker-java/docker-java/3.3.3/docker-java-3.3.3.jar:/Users/parthadebnath/.m2/repository/com/github/docker-java/docker-java-core/3.3.3/docker-java-core-3.3.3.jar:/Users/parthadebnath/.m2/repository/com/github/docker-java/docker-java-api/3.3.3/docker-java-api-3.3.3.jar:/Users/parthadebnath/.m2/repository/org/bouncycastle/bcpkix-jdk18on/1.75/bcpkix-jdk18on-1.75.jar:/Users/parthadebnath/.m2/repository/org/bouncycastle/bcprov-jdk18on/1.75/bcprov-jdk18on-1.75.jar:/Users/parthadebnath/.m2/repository/org/bouncycastle/bcutil-jdk18on/1.75/bcutil-jdk18on-1.75.jar:/Users/parthadebnath/.m2/repository/org/slf4j/jcl-over-slf4j/1.7.30/jcl-over-slf4j-1.7.30.jar:/Users/parthadebnath/.m2/repository/com/github/docker-java/docker-java-transport-httpclient5/3.3.3/docker-java-transport-httpclient5-3.3.3.jar:/Users/parthadebnath/.m2/repository/com/github/docker-java/docker-java-transport/3.3.3/docker-java-transport-3.3.3.jar:/Users/parthadebnath/.m2/repository/net/java/dev/jna/jna/5.12.1/jna-5.12.1.jar:/Users/parthadebnath/.m2/repository/org/brotli/dec/0.1.2/dec-0.1.2.jar:/Users/parthadebnath/.m2/repository/org/apache/httpcomponents/client5/httpclient5/5.2.1/httpclient5-5.2.1.jar:/Users/parthadebnath/.m2/repository/org/apache/httpcomponents/core5/httpcore5/5.2/httpcore5-5.2.jar:/Users/parthadebnath/.m2/repository/org/apache/httpcomponents/core5/httpcore5-h2/5.2/httpcore5-h2-5.2.jar:/Users/parthadebnath/.m2/repository/org/seleniumhq/selenium/selenium-server/3.11.0/selenium-server-3.11.0.jar:/Users/parthadebnath/.m2/repository/org/seleniumhq/selenium/selenium-opera-driver/3.11.0/selenium-opera-driver-3.11.0.jar:/Users/parthadebnath/.m2/repository/com/beust/jcommander/1.72/jcommander-1.72.jar:/Users/parthadebnath/.m2/repository/net/bytebuddy/byte-buddy/1.7.9/byte-buddy-1.7.9.jar:/Users/parthadebnath/.m2/repository/org/apache/commons/commons-exec/1.3/commons-exec-1.3.jar:/Users/parthadebnath/.m2/repository/org/apache/commons/commons-text/1.1/commons-text-1.1.jar:/Users/parthadebnath/.m2/repository/commons-codec/commons-codec/1.10/commons-codec-1.10.jar:/Users/parthadebnath/.m2/repository/commons-io/commons-io/2.6/commons-io-2.6.jar:/Users/parthadebnath/.m2/repository/commons-logging/commons-logging/1.2/commons-logging-1.2.jar:/Users/parthadebnath/.m2/repository/commons-net/commons-net/3.6/commons-net-3.6.jar:/Users/parthadebnath/.m2/repository/org/w3c/css/sac/1.3/sac-1.3.jar:/Users/parthadebnath/.m2/repository/net/sourceforge/cssparser/cssparser/0.9.24/cssparser-0.9.24.jar:/Users/parthadebnath/.m2/repository/com/google/guava/guava/23.6-jre/guava-23.6-jre.jar:/Users/parthadebnath/.m2/repository/com/google/code/findbugs/jsr305/1.3.9/jsr305-1.3.9.jar:/Users/parthadebnath/.m2/repository/org/checkerframework/checker-compat-qual/2.0.0/checker-compat-qual-2.0.0.jar:/Users/parthadebnath/.m2/repository/com/google/errorprone/error_prone_annotations/2.1.3/error_prone_annotations-2.1.3.jar:/Users/parthadebnath/.m2/repository/com/google/j2objc/j2objc-annotations/1.1/j2objc-annotations-1.1.jar:/Users/parthadebnath/.m2/repository/org/codehaus/mojo/animal-sniffer-annotations/1.14/animal-sniffer-annotations-1.14.jar:/Users/parthadebnath/.m2/repository/net/sourceforge/htmlunit/htmlunit/2.29/htmlunit-2.29.jar:/Users/parthadebnath/.m2/repository/net/sourceforge/htmlunit/htmlunit-core-js/2.28/htmlunit-core-js-2.28.jar:/Users/parthadebnath/.m2/repository/net/sourceforge/htmlunit/neko-htmlunit/2.28/neko-htmlunit-2.28.jar:/Users/parthadebnath/.m2/repository/org/apache/httpcomponents/httpclient/4.5.3/httpclient-4.5.3.jar:/Users/parthadebnath/.m2/repository/org/apache/httpcomponents/httpcore/4.4.6/httpcore-4.4.6.jar:/Users/parthadebnath/.m2/repository/org/apache/httpcomponents/httpmime/4.5.3/httpmime-4.5.3.jar:/Users/parthadebnath/.m2/repository/net/jcip/jcip-annotations/1.0/jcip-annotations-1.0.jar:/Users/parthadebnath/.m2/repository/org/seleniumhq/selenium/jetty-repacked/9.4.7.v20171121/jetty-repacked-9.4.7.v20171121.jar:/Users/parthadebnath/.m2/repository/org/eclipse/jetty/jetty-client/9.4.7.v20170914/jetty-client-9.4.7.v20170914.jar:/Users/parthadebnath/.m2/repository/org/eclipse/jetty/jetty-http/9.4.8.v20171121/jetty-http-9.4.8.v20171121.jar:/Users/parthadebnath/.m2/repository/org/eclipse/jetty/jetty-io/9.4.8.v20171121/jetty-io-9.4.8.v20171121.jar:/Users/parthadebnath/.m2/repository/org/eclipse/jetty/jetty-util/9.4.8.v20171121/jetty-util-9.4.8.v20171121.jar:/Users/parthadebnath/.m2/repository/org/eclipse/jetty/jetty-xml/9.4.7.v20170914/jetty-xml-9.4.7.v20170914.jar:/Users/parthadebnath/.m2/repository/com/squareup/okhttp3/okhttp/3.9.1/okhttp-3.9.1.jar:/Users/parthadebnath/.m2/repository/com/squareup/okio/okio/1.13.0/okio-1.13.0.jar:/Users/parthadebnath/.m2/repository/org/seleniumhq/selenium/htmlunit-driver/2.29.0/htmlunit-driver-2.29.0.jar:/Users/parthadebnath/.m2/repository/javax/servlet/javax.servlet-api/3.1.0/javax.servlet-api-3.1.0.jar:/Users/parthadebnath/.m2/repository/org/eclipse/jetty/websocket/websocket-api/9.4.7.v20170914/websocket-api-9.4.7.v20170914.jar:/Users/parthadebnath/.m2/repository/org/eclipse/jetty/websocket/websocket-client/9.4.7.v20170914/websocket-client-9.4.7.v20170914.jar:/Users/parthadebnath/.m2/repository/org/eclipse/jetty/websocket/websocket-common/9.4.7.v20170914/websocket-common-9.4.7.v20170914.jar:/Users/parthadebnath/.m2/repository/xalan/serializer/2.7.2/serializer-2.7.2.jar:/Users/parthadebnath/.m2/repository/xalan/xalan/2.7.2/xalan-2.7.2.jar:/Users/parthadebnath/.m2/repository/xerces/xercesImpl/2.11.0/xercesImpl-2.11.0.jar:/Users/parthadebnath/.m2/repository/xml-apis/xml-apis/1.4.01/xml-apis-1.4.01.jar:/Users/parthadebnath/.m2/repository/org/yaml/snakeyaml/1.19/snakeyaml-1.19.jar:/Users/parthadebnath/.m2/repository/io/rest-assured/rest-assured/5.3.1/rest-assured-5.3.1.jar:/Users/parthadebnath/.m2/repository/org/apache/groovy/groovy/4.0.11/groovy-4.0.11.jar:/Users/parthadebnath/.m2/repository/org/apache/groovy/groovy-xml/4.0.11/groovy-xml-4.0.11.jar:/Users/parthadebnath/.m2/repository/org/hamcrest/hamcrest/2.2/hamcrest-2.2.jar:/Users/parthadebnath/.m2/repository/org/ccil/cowan/tagsoup/tagsoup/1.2.1/tagsoup-1.2.1.jar:/Users/parthadebnath/.m2/repository/io/rest-assured/json-path/5.3.1/json-path-5.3.1.jar:/Users/parthadebnath/.m2/repository/org/apache/groovy/groovy-json/4.0.11/groovy-json-4.0.11.jar:/Users/parthadebnath/.m2/repository/io/rest-assured/rest-assured-common/5.3.1/rest-assured-common-5.3.1.jar:/Users/parthadebnath/.m2/repository/io/rest-assured/xml-path/5.3.1/xml-path-5.3.1.jar:/Users/parthadebnath/.m2/repository/org/testng/testng/6.14.3/testng-6.14.3.jar:/Users/parthadebnath/.m2/repository/org/apache-extras/beanshell/bsh/2.0b6/bsh-2.0b6.jar:/Users/parthadebnath/.m2/repository/com/fasterxml/jackson/core/jackson-databind/2.9.8/jackson-databind-2.9.8.jar:/Users/parthadebnath/.m2/repository/com/fasterxml/jackson/core/jackson-annotations/2.9.0/jackson-annotations-2.9.0.jar:/Users/parthadebnath/.m2/repository/com/fasterxml/jackson/core/jackson-core/2.9.8/jackson-core-2.9.8.jar:/Users/parthadebnath/.m2/repository/org/apache/poi/ooxml-schemas/1.1/ooxml-schemas-1.1.jar:/Users/parthadebnath/.m2/repository/org/apache/xmlbeans/xmlbeans/2.3.0/xmlbeans-2.3.0.jar:/Users/parthadebnath/.m2/repository/stax/stax-api/1.0.1/stax-api-1.0.1.jar:/Users/parthadebnath/.m2/repository/org/apache/poi/openxml4j/1.0-beta/openxml4j-1.0-beta.jar:/Users/parthadebnath/.m2/repository/dom4j/dom4j/1.6.1/dom4j-1.6.1.jar:/Users/parthadebnath/.m2/repository/log4j/log4j/1.2.8/log4j-1.2.8.jar:/Users/parthadebnath/.m2/repository/com/relevantcodes/extentreports/2.41.2/extentreports-2.41.2.jar:/Users/parthadebnath/.m2/repository/org/jsoup/jsoup/1.8.3/jsoup-1.8.3.jar:/Users/parthadebnath/.m2/repository/org/xerial/sqlite-jdbc/3.8.11.1/sqlite-jdbc-3.8.11.1.jar:/Users/parthadebnath/.m2/repository/org/freemarker/freemarker/2.3.23/freemarker-2.3.23.jar:/Users/parthadebnath/.m2/repository/org/mongodb/mongodb-driver/3.0.4/mongodb-driver-3.0.4.jar:/Users/parthadebnath/.m2/repository/org/mongodb/bson/3.0.4/bson-3.0.4.jar:/Users/parthadebnath/.m2/repository/org/mongodb/mongodb-driver-core/3.0.4/mongodb-driver-core-3.0.4.jar:/Users/parthadebnath/.m2/repository/org/apache/pdfbox/pdfbox/2.0.12/pdfbox-2.0.12.jar:/Users/parthadebnath/.m2/repository/org/apache/pdfbox/fontbox/2.0.12/fontbox-2.0.12.jar:/Users/parthadebnath/.m2/repository/com/googlecode/json-simple/json-simple/1.1.1/json-simple-1.1.1.jar:/Users/parthadebnath/.m2/repository/junit/junit/4.10/junit-4.10.jar:/Users/parthadebnath/.m2/repository/org/hamcrest/hamcrest-core/1.1/hamcrest-core-1.1.jar:/Users/parthadebnath/.m2/repository/net/masterthought/maven-cucumber-reporting/5.7.0/maven-cucumber-reporting-5.7.0.jar:/Users/parthadebnath/.m2/repository/net/masterthought/cucumber-reporting/5.7.0/cucumber-reporting-5.7.0.jar:/Users/parthadebnath/.m2/repository/com/fasterxml/jackson/datatype/jackson-datatype-jsr310/2.13.0/jackson-datatype-jsr310-2.13.0.jar:/Users/parthadebnath/.m2/repository/org/apache/velocity/velocity-engine-core/2.3/velocity-engine-core-2.3.jar:/Users/parthadebnath/.m2/repository/commons-collections/commons-collections/3.2.2/commons-collections-3.2.2.jar:/Users/parthadebnath/.m2/repository/joda-time/joda-time/2.10.10/joda-time-2.10.10.jar:/Users/parthadebnath/.m2/repository/com/googlecode/owasp-java-html-sanitizer/owasp-java-html-sanitizer/20211018.2/owasp-java-html-sanitizer-20211018.2.jar:/Users/parthadebnath/.m2/repository/commons-configuration/commons-configuration/1.10/commons-configuration-1.10.jar:/Users/parthadebnath/.m2/repository/commons-lang/commons-lang/2.6/commons-lang-2.6.jar:/Users/parthadebnath/.m2/repository/com/google/code/gson/gson/2.8.1/gson-2.8.1.jar:/Users/parthadebnath/.m2/repository/org/apache/maven/maven-plugin-api/3.5.0/maven-plugin-api-3.5.0.jar:/Users/parthadebnath/.m2/repository/org/apache/maven/maven-model/3.5.0/maven-model-3.5.0.jar:/Users/parthadebnath/.m2/repository/org/apache/maven/maven-artifact/3.5.0/maven-artifact-3.5.0.jar:/Users/parthadebnath/.m2/repository/org/eclipse/sisu/org.eclipse.sisu.plexus/0.3.3/org.eclipse.sisu.plexus-0.3.3.jar:/Users/parthadebnath/.m2/repository/javax/enterprise/cdi-api/1.0/cdi-api-1.0.jar:/Users/parthadebnath/.m2/repository/javax/annotation/jsr250-api/1.0/jsr250-api-1.0.jar:/Users/parthadebnath/.m2/repository/javax/inject/javax.inject/1/javax.inject-1.jar:/Users/parthadebnath/.m2/repository/org/eclipse/sisu/org.eclipse.sisu.inject/0.3.3/org.eclipse.sisu.inject-0.3.3.jar:/Users/parthadebnath/.m2/repository/org/codehaus/plexus/plexus-component-annotations/1.5.5/plexus-component-annotations-1.5.5.jar:/Users/parthadebnath/.m2/repository/org/codehaus/plexus/plexus-classworlds/2.5.2/plexus-classworlds-2.5.2.jar:/Users/parthadebnath/.m2/repository/org/apache/maven/plugins/maven-jar-plugin/3.0.2/maven-jar-plugin-3.0.2.jar:/Users/parthadebnath/.m2/repository/org/apache/maven/maven-core/3.0/maven-core-3.0.jar:/Users/parthadebnath/.m2/repository/org/apache/maven/maven-settings/3.0/maven-settings-3.0.jar:/Users/parthadebnath/.m2/repository/org/apache/maven/maven-settings-builder/3.0/maven-settings-builder-3.0.jar:/Users/parthadebnath/.m2/repository/org/apache/maven/maven-repository-metadata/3.0/maven-repository-metadata-3.0.jar:/Users/parthadebnath/.m2/repository/org/apache/maven/maven-model-builder/3.0/maven-model-builder-3.0.jar:/Users/parthadebnath/.m2/repository/org/apache/maven/maven-aether-provider/3.0/maven-aether-provider-3.0.jar:/Users/parthadebnath/.m2/repository/org/sonatype/aether/aether-impl/1.7/aether-impl-1.7.jar:/Users/parthadebnath/.m2/repository/org/sonatype/aether/aether-spi/1.7/aether-spi-1.7.jar:/Users/parthadebnath/.m2/repository/org/sonatype/aether/aether-api/1.7/aether-api-1.7.jar:/Users/parthadebnath/.m2/repository/org/sonatype/aether/aether-util/1.7/aether-util-1.7.jar:/Users/parthadebnath/.m2/repository/org/sonatype/sisu/sisu-inject-plexus/1.4.2/sisu-inject-plexus-1.4.2.jar:/Users/parthadebnath/.m2/repository/org/sonatype/sisu/sisu-inject-bean/1.4.2/sisu-inject-bean-1.4.2.jar:/Users/parthadebnath/.m2/repository/org/sonatype/sisu/sisu-guice/2.1.7/sisu-guice-2.1.7-noaop.jar:/Users/parthadebnath/.m2/repository/org/codehaus/plexus/plexus-interpolation/1.14/plexus-interpolation-1.14.jar:/Users/parthadebnath/.m2/repository/org/sonatype/plexus/plexus-sec-dispatcher/1.3/plexus-sec-dispatcher-1.3.jar:/Users/parthadebnath/.m2/repository/org/sonatype/plexus/plexus-cipher/1.4/plexus-cipher-1.4.jar:/Users/parthadebnath/.m2/repository/org/apache/maven/maven-archiver/3.1.1/maven-archiver-3.1.1.jar:/Users/parthadebnath/.m2/repository/org/apache/maven/shared/maven-shared-utils/3.0.1/maven-shared-utils-3.0.1.jar:/Users/parthadebnath/.m2/repository/org/codehaus/plexus/plexus-archiver/3.4/plexus-archiver-3.4.jar:/Users/parthadebnath/.m2/repository/org/codehaus/plexus/plexus-io/2.7.1/plexus-io-2.7.1.jar:/Users/parthadebnath/.m2/repository/org/apache/commons/commons-compress/1.11/commons-compress-1.11.jar:/Users/parthadebnath/.m2/repository/org/iq80/snappy/snappy/0.4/snappy-0.4.jar:/Users/parthadebnath/.m2/repository/org/tukaani/xz/1.5/xz-1.5.jar:/Users/parthadebnath/.m2/repository/org/codehaus/plexus/plexus-utils/3.0.24/plexus-utils-3.0.24.jar:/Users/parthadebnath/.m2/repository/com/github/scribejava/scribejava-apis/2.5.3/scribejava-apis-2.5.3.jar:/Users/parthadebnath/.m2/repository/com/github/scribejava/scribejava-core/2.5.3/scribejava-core-2.5.3.jar:/Users/parthadebnath/.m2/repository/com/sun/xml/bind/jaxb-impl/2.3.0/jaxb-impl-2.3.0.jar:/Users/parthadebnath/.m2/repository/javax/activation/activation/1.1.1/activation-1.1.1.jar:/Users/parthadebnath/.m2/repository/org/apache/commons/commons-lang3/3.0/commons-lang3-3.0.jar:/Users/parthadebnath/.m2/repository/com/oracle/ojdbc/ojdbc8/19.3.0.0/ojdbc8-19.3.0.0.jar:/Users/parthadebnath/.m2/repository/com/oracle/ojdbc/ucp/19.3.0.0/ucp-19.3.0.0.jar:/Users/parthadebnath/.m2/repository/com/oracle/ojdbc/oraclepki/19.3.0.0/oraclepki-19.3.0.0.jar:/Users/parthadebnath/.m2/repository/com/oracle/ojdbc/osdt_cert/19.3.0.0/osdt_cert-19.3.0.0.jar:/Users/parthadebnath/.m2/repository/com/oracle/ojdbc/osdt_core/19.3.0.0/osdt_core-19.3.0.0.jar:/Users/parthadebnath/.m2/repository/com/oracle/ojdbc/simplefan/19.3.0.0/simplefan-19.3.0.0.jar:/Users/parthadebnath/.m2/repository/com/oracle/ojdbc/ons/19.3.0.0/ons-19.3.0.0.jar:/Users/parthadebnath/.m2/repository/com/vimalselvam/cucumber-extentsreport/3.0.2/cucumber-extentsreport-3.0.2.jar:/Users/parthadebnath/.m2/repository/com/aventstack/extentreports/3.1.2/extentreports-3.1.2.jar:/Users/parthadebnath/.m2/repository/org/apache/maven/shared/file-management/1.2.1/file-management-1.2.1.jar:/Users/parthadebnath/.m2/repository/org/apache/maven/shared/maven-shared-io/1.1/maven-shared-io-1.1.jar:/Users/parthadebnath/.m2/repository/org/apache/maven/maven-artifact-manager/2.0.2/maven-artifact-manager-2.0.2.jar:/Users/parthadebnath/.m2/repository/org/apache/maven/wagon/wagon-provider-api/1.0-alpha-6/wagon-provider-api-1.0-alpha-6.jar:/Users/parthadebnath/.m2/repository/org/codehaus/plexus/plexus-container-default/1.0-alpha-9/plexus-container-default-1.0-alpha-9.jar:/Users/parthadebnath/.m2/repository/classworlds/classworlds/1.1-alpha-2/classworlds-1.1-alpha-2.jar:/Users/parthadebnath/.m2/repository/org/apache/poi/poi/3.17/poi-3.17.jar:/Users/parthadebnath/.m2/repository/org/apache/commons/commons-collections4/4.1/commons-collections4-4.1.jar:/Users/parthadebnath/.m2/repository/org/apache/poi/poi-ooxml/3.17/poi-ooxml-3.17.jar:/Users/parthadebnath/.m2/repository/org/apache/poi/poi-ooxml-schemas/3.17/poi-ooxml-schemas-3.17.jar:/Users/parthadebnath/.m2/repository/com/github/virtuald/curvesapi/1.04/curvesapi-1.04.jar:/Users/parthadebnath/.m2/repository/io/cucumber/cucumber-java/6.10.2/cucumber-java-6.10.2.jar:/Users/parthadebnath/.m2/repository/io/cucumber/cucumber-core/6.10.2/cucumber-core-6.10.2.jar:/Users/parthadebnath/.m2/repository/io/cucumber/cucumber-gherkin/6.10.2/cucumber-gherkin-6.10.2.jar:/Users/parthadebnath/.m2/repository/io/cucumber/cucumber-gherkin-messages/6.10.2/cucumber-gherkin-messages-6.10.2.jar:/Users/parthadebnath/.m2/repository/io/cucumber/messages/14.0.1/messages-14.0.1.jar:/Users/parthadebnath/.m2/repository/io/cucumber/tag-expressions/3.0.0/tag-expressions-3.0.0.jar:/Users/parthadebnath/.m2/repository/io/cucumber/cucumber-expressions/10.3.0/cucumber-expressions-10.3.0.jar:/Users/parthadebnath/.m2/repository/io/cucumber/datatable/3.5.0/datatable-3.5.0.jar:/Users/parthadebnath/.m2/repository/io/cucumber/cucumber-plugin/6.10.2/cucumber-plugin-6.10.2.jar:/Users/parthadebnath/.m2/repository/io/cucumber/docstring/6.10.2/docstring-6.10.2.jar:/Users/parthadebnath/.m2/repository/io/cucumber/html-formatter/12.0.0/html-formatter-12.0.0.jar:/Users/parthadebnath/.m2/repository/io/cucumber/create-meta/3.0.0/create-meta-3.0.0.jar:/Users/parthadebnath/.m2/repository/org/apiguardian/apiguardian-api/1.1.1/apiguardian-api-1.1.1.jar:/Users/parthadebnath/.m2/repository/io/cucumber/cucumber-junit/6.10.2/cucumber-junit-6.10.2.jar:/Users/parthadebnath/.m2/repository/io/cucumber/cucumber-testng/6.10.2/cucumber-testng-6.10.2.jar:"/>
    <property name="java.vm.vendor" value="Oracle Corporation"/>
    <property name="sun.arch.data.model" value="64"/>
    <property name="java.vendor.url" value="https://java.oracle.com/"/>
    <property name="user.timezone" value="America/New_York"/>
    <property name="os.name" value="Mac OS X"/>
    <property name="java.vm.specification.version" value="17"/>
    <property name="sun.java.launcher" value="SUN_STANDARD"/>
    <property name="user.country" value="US"/>
    <property name="sun.boot.library.path" value="/Library/Java/JavaVirtualMachines/jdk-17.jdk/Contents/Home/lib"/>
    <property name="sun.java.command" value="/Users/parthadebnath/eclipse-Batch-40/practice/Batch40.Swaglabs.Partha/target/surefire/surefirebooter-20241029232017082_3.jar /Users/parthadebnath/eclipse-Batch-40/practice/Batch40.Swaglabs.Partha/target/surefire 2024-10-29T23-20-17_009-jvmRun1 surefire-20241029232017082_1tmp surefire_0-20241029232017082_2tmp"/>
    <property name="http.nonProxyHosts" value="local|*.local|169.254/16|*.169.254/16"/>
    <property name="jdk.debug" value="release"/>
    <property name="surefire.test.class.path" value="/Users/parthadebnath/eclipse-Batch-40/practice/Batch40.Swaglabs.Partha/target/test-classes:/Users/parthadebnath/eclipse-Batch-40/practice/Batch40.Swaglabs.Partha/target/classes:/Users/parthadebnath/.m2/repository/com/microsoft/sqlserver/mssql-jdbc/7.2.2.jre8/mssql-jdbc-7.2.2.jre8.jar:/Users/parthadebnath/.m2/repository/org/seleniumhq/selenium/selenium-java/4.15.0/selenium-java-4.15.0.jar:/Users/parthadebnath/.m2/repository/org/seleniumhq/selenium/selenium-api/4.15.0/selenium-api-4.15.0.jar:/Users/parthadebnath/.m2/repository/org/seleniumhq/selenium/selenium-chrome-driver/4.15.0/selenium-chrome-driver-4.15.0.jar:/Users/parthadebnath/.m2/repository/com/google/auto/service/auto-service-annotations/1.1.1/auto-service-annotations-1.1.1.jar:/Users/parthadebnath/.m2/repository/org/seleniumhq/selenium/selenium-chromium-driver/4.15.0/selenium-chromium-driver-4.15.0.jar:/Users/parthadebnath/.m2/repository/org/seleniumhq/selenium/selenium-json/4.15.0/selenium-json-4.15.0.jar:/Users/parthadebnath/.m2/repository/org/seleniumhq/selenium/selenium-manager/4.15.0/selenium-manager-4.15.0.jar:/Users/parthadebnath/.m2/repository/org/seleniumhq/selenium/selenium-devtools-v117/4.15.0/selenium-devtools-v117-4.15.0.jar:/Users/parthadebnath/.m2/repository/org/seleniumhq/selenium/selenium-devtools-v118/4.15.0/selenium-devtools-v118-4.15.0.jar:/Users/parthadebnath/.m2/repository/org/seleniumhq/selenium/selenium-devtools-v119/4.15.0/selenium-devtools-v119-4.15.0.jar:/Users/parthadebnath/.m2/repository/org/seleniumhq/selenium/selenium-devtools-v85/4.15.0/selenium-devtools-v85-4.15.0.jar:/Users/parthadebnath/.m2/repository/org/seleniumhq/selenium/selenium-edge-driver/4.15.0/selenium-edge-driver-4.15.0.jar:/Users/parthadebnath/.m2/repository/org/seleniumhq/selenium/selenium-firefox-driver/4.15.0/selenium-firefox-driver-4.15.0.jar:/Users/parthadebnath/.m2/repository/org/seleniumhq/selenium/selenium-http/4.15.0/selenium-http-4.15.0.jar:/Users/parthadebnath/.m2/repository/dev/failsafe/failsafe/3.3.2/failsafe-3.3.2.jar:/Users/parthadebnath/.m2/repository/org/seleniumhq/selenium/selenium-ie-driver/4.15.0/selenium-ie-driver-4.15.0.jar:/Users/parthadebnath/.m2/repository/org/seleniumhq/selenium/selenium-remote-driver/4.15.0/selenium-remote-driver-4.15.0.jar:/Users/parthadebnath/.m2/repository/io/opentelemetry/opentelemetry-api/1.28.0/opentelemetry-api-1.28.0.jar:/Users/parthadebnath/.m2/repository/io/opentelemetry/opentelemetry-context/1.28.0/opentelemetry-context-1.28.0.jar:/Users/parthadebnath/.m2/repository/io/opentelemetry/opentelemetry-exporter-logging/1.28.0/opentelemetry-exporter-logging-1.28.0.jar:/Users/parthadebnath/.m2/repository/io/opentelemetry/opentelemetry-sdk-metrics/1.28.0/opentelemetry-sdk-metrics-1.28.0.jar:/Users/parthadebnath/.m2/repository/io/opentelemetry/opentelemetry-extension-incubator/1.28.0-alpha/opentelemetry-extension-incubator-1.28.0-alpha.jar:/Users/parthadebnath/.m2/repository/io/opentelemetry/opentelemetry-sdk-logs/1.28.0/opentelemetry-sdk-logs-1.28.0.jar:/Users/parthadebnath/.m2/repository/io/opentelemetry/opentelemetry-sdk-common/1.28.0/opentelemetry-sdk-common-1.28.0.jar:/Users/parthadebnath/.m2/repository/io/opentelemetry/opentelemetry-sdk-extension-autoconfigure-spi/1.28.0/opentelemetry-sdk-extension-autoconfigure-spi-1.28.0.jar:/Users/parthadebnath/.m2/repository/io/opentelemetry/opentelemetry-sdk-extension-autoconfigure/1.28.0/opentelemetry-sdk-extension-autoconfigure-1.28.0.jar:/Users/parthadebnath/.m2/repository/io/opentelemetry/opentelemetry-api-events/1.28.0-alpha/opentelemetry-api-events-1.28.0-alpha.jar:/Users/parthadebnath/.m2/repository/io/opentelemetry/opentelemetry-sdk-trace/1.28.0/opentelemetry-sdk-trace-1.28.0.jar:/Users/parthadebnath/.m2/repository/io/opentelemetry/opentelemetry-sdk/1.28.0/opentelemetry-sdk-1.28.0.jar:/Users/parthadebnath/.m2/repository/io/opentelemetry/opentelemetry-semconv/1.28.0-alpha/opentelemetry-semconv-1.28.0-alpha.jar:/Users/parthadebnath/.m2/repository/org/seleniumhq/selenium/selenium-os/4.15.0/selenium-os-4.15.0.jar:/Users/parthadebnath/.m2/repository/org/seleniumhq/selenium/selenium-safari-driver/4.15.0/selenium-safari-driver-4.15.0.jar:/Users/parthadebnath/.m2/repository/org/seleniumhq/selenium/selenium-support/4.15.0/selenium-support-4.15.0.jar:/Users/parthadebnath/.m2/repository/io/github/bonigarcia/webdrivermanager/5.5.3/webdrivermanager-5.5.3.jar:/Users/parthadebnath/.m2/repository/org/slf4j/slf4j-api/2.0.7/slf4j-api-2.0.7.jar:/Users/parthadebnath/.m2/repository/com/github/docker-java/docker-java/3.3.3/docker-java-3.3.3.jar:/Users/parthadebnath/.m2/repository/com/github/docker-java/docker-java-core/3.3.3/docker-java-core-3.3.3.jar:/Users/parthadebnath/.m2/repository/com/github/docker-java/docker-java-api/3.3.3/docker-java-api-3.3.3.jar:/Users/parthadebnath/.m2/repository/org/bouncycastle/bcpkix-jdk18on/1.75/bcpkix-jdk18on-1.75.jar:/Users/parthadebnath/.m2/repository/org/bouncycastle/bcprov-jdk18on/1.75/bcprov-jdk18on-1.75.jar:/Users/parthadebnath/.m2/repository/org/bouncycastle/bcutil-jdk18on/1.75/bcutil-jdk18on-1.75.jar:/Users/parthadebnath/.m2/repository/org/slf4j/jcl-over-slf4j/1.7.30/jcl-over-slf4j-1.7.30.jar:/Users/parthadebnath/.m2/repository/com/github/docker-java/docker-java-transport-httpclient5/3.3.3/docker-java-transport-httpclient5-3.3.3.jar:/Users/parthadebnath/.m2/repository/com/github/docker-java/docker-java-transport/3.3.3/docker-java-transport-3.3.3.jar:/Users/parthadebnath/.m2/repository/net/java/dev/jna/jna/5.12.1/jna-5.12.1.jar:/Users/parthadebnath/.m2/repository/org/brotli/dec/0.1.2/dec-0.1.2.jar:/Users/parthadebnath/.m2/repository/org/apache/httpcomponents/client5/httpclient5/5.2.1/httpclient5-5.2.1.jar:/Users/parthadebnath/.m2/repository/org/apache/httpcomponents/core5/httpcore5/5.2/httpcore5-5.2.jar:/Users/parthadebnath/.m2/repository/org/apache/httpcomponents/core5/httpcore5-h2/5.2/httpcore5-h2-5.2.jar:/Users/parthadebnath/.m2/repository/org/seleniumhq/selenium/selenium-server/3.11.0/selenium-server-3.11.0.jar:/Users/parthadebnath/.m2/repository/org/seleniumhq/selenium/selenium-opera-driver/3.11.0/selenium-opera-driver-3.11.0.jar:/Users/parthadebnath/.m2/repository/com/beust/jcommander/1.72/jcommander-1.72.jar:/Users/parthadebnath/.m2/repository/net/bytebuddy/byte-buddy/1.7.9/byte-buddy-1.7.9.jar:/Users/parthadebnath/.m2/repository/org/apache/commons/commons-exec/1.3/commons-exec-1.3.jar:/Users/parthadebnath/.m2/repository/org/apache/commons/commons-text/1.1/commons-text-1.1.jar:/Users/parthadebnath/.m2/repository/commons-codec/commons-codec/1.10/commons-codec-1.10.jar:/Users/parthadebnath/.m2/repository/commons-io/commons-io/2.6/commons-io-2.6.jar:/Users/parthadebnath/.m2/repository/commons-logging/commons-logging/1.2/commons-logging-1.2.jar:/Users/parthadebnath/.m2/repository/commons-net/commons-net/3.6/commons-net-3.6.jar:/Users/parthadebnath/.m2/repository/org/w3c/css/sac/1.3/sac-1.3.jar:/Users/parthadebnath/.m2/repository/net/sourceforge/cssparser/cssparser/0.9.24/cssparser-0.9.24.jar:/Users/parthadebnath/.m2/repository/com/google/guava/guava/23.6-jre/guava-23.6-jre.jar:/Users/parthadebnath/.m2/repository/com/google/code/findbugs/jsr305/1.3.9/jsr305-1.3.9.jar:/Users/parthadebnath/.m2/repository/org/checkerframework/checker-compat-qual/2.0.0/checker-compat-qual-2.0.0.jar:/Users/parthadebnath/.m2/repository/com/google/errorprone/error_prone_annotations/2.1.3/error_prone_annotations-2.1.3.jar:/Users/parthadebnath/.m2/repository/com/google/j2objc/j2objc-annotations/1.1/j2objc-annotations-1.1.jar:/Users/parthadebnath/.m2/repository/org/codehaus/mojo/animal-sniffer-annotations/1.14/animal-sniffer-annotations-1.14.jar:/Users/parthadebnath/.m2/repository/net/sourceforge/htmlunit/htmlunit/2.29/htmlunit-2.29.jar:/Users/parthadebnath/.m2/repository/net/sourceforge/htmlunit/htmlunit-core-js/2.28/htmlunit-core-js-2.28.jar:/Users/parthadebnath/.m2/repository/net/sourceforge/htmlunit/neko-htmlunit/2.28/neko-htmlunit-2.28.jar:/Users/parthadebnath/.m2/repository/org/apache/httpcomponents/httpclient/4.5.3/httpclient-4.5.3.jar:/Users/parthadebnath/.m2/repository/org/apache/httpcomponents/httpcore/4.4.6/httpcore-4.4.6.jar:/Users/parthadebnath/.m2/repository/org/apache/httpcomponents/httpmime/4.5.3/httpmime-4.5.3.jar:/Users/parthadebnath/.m2/repository/net/jcip/jcip-annotations/1.0/jcip-annotations-1.0.jar:/Users/parthadebnath/.m2/repository/org/seleniumhq/selenium/jetty-repacked/9.4.7.v20171121/jetty-repacked-9.4.7.v20171121.jar:/Users/parthadebnath/.m2/repository/org/eclipse/jetty/jetty-client/9.4.7.v20170914/jetty-client-9.4.7.v20170914.jar:/Users/parthadebnath/.m2/repository/org/eclipse/jetty/jetty-http/9.4.8.v20171121/jetty-http-9.4.8.v20171121.jar:/Users/parthadebnath/.m2/repository/org/eclipse/jetty/jetty-io/9.4.8.v20171121/jetty-io-9.4.8.v20171121.jar:/Users/parthadebnath/.m2/repository/org/eclipse/jetty/jetty-util/9.4.8.v20171121/jetty-util-9.4.8.v20171121.jar:/Users/parthadebnath/.m2/repository/org/eclipse/jetty/jetty-xml/9.4.7.v20170914/jetty-xml-9.4.7.v20170914.jar:/Users/parthadebnath/.m2/repository/com/squareup/okhttp3/okhttp/3.9.1/okhttp-3.9.1.jar:/Users/parthadebnath/.m2/repository/com/squareup/okio/okio/1.13.0/okio-1.13.0.jar:/Users/parthadebnath/.m2/repository/org/seleniumhq/selenium/htmlunit-driver/2.29.0/htmlunit-driver-2.29.0.jar:/Users/parthadebnath/.m2/repository/javax/servlet/javax.servlet-api/3.1.0/javax.servlet-api-3.1.0.jar:/Users/parthadebnath/.m2/repository/org/eclipse/jetty/websocket/websocket-api/9.4.7.v20170914/websocket-api-9.4.7.v20170914.jar:/Users/parthadebnath/.m2/repository/org/eclipse/jetty/websocket/websocket-client/9.4.7.v20170914/websocket-client-9.4.7.v20170914.jar:/Users/parthadebnath/.m2/repository/org/eclipse/jetty/websocket/websocket-common/9.4.7.v20170914/websocket-common-9.4.7.v20170914.jar:/Users/parthadebnath/.m2/repository/xalan/serializer/2.7.2/serializer-2.7.2.jar:/Users/parthadebnath/.m2/repository/xalan/xalan/2.7.2/xalan-2.7.2.jar:/Users/parthadebnath/.m2/repository/xerces/xercesImpl/2.11.0/xercesImpl-2.11.0.jar:/Users/parthadebnath/.m2/repository/xml-apis/xml-apis/1.4.01/xml-apis-1.4.01.jar:/Users/parthadebnath/.m2/repository/org/yaml/snakeyaml/1.19/snakeyaml-1.19.jar:/Users/parthadebnath/.m2/repository/io/rest-assured/rest-assured/5.3.1/rest-assured-5.3.1.jar:/Users/parthadebnath/.m2/repository/org/apache/groovy/groovy/4.0.11/groovy-4.0.11.jar:/Users/parthadebnath/.m2/repository/org/apache/groovy/groovy-xml/4.0.11/groovy-xml-4.0.11.jar:/Users/parthadebnath/.m2/repository/org/hamcrest/hamcrest/2.2/hamcrest-2.2.jar:/Users/parthadebnath/.m2/repository/org/ccil/cowan/tagsoup/tagsoup/1.2.1/tagsoup-1.2.1.jar:/Users/parthadebnath/.m2/repository/io/rest-assured/json-path/5.3.1/json-path-5.3.1.jar:/Users/parthadebnath/.m2/repository/org/apache/groovy/groovy-json/4.0.11/groovy-json-4.0.11.jar:/Users/parthadebnath/.m2/repository/io/rest-assured/rest-assured-common/5.3.1/rest-assured-common-5.3.1.jar:/Users/parthadebnath/.m2/repository/io/rest-assured/xml-path/5.3.1/xml-path-5.3.1.jar:/Users/parthadebnath/.m2/repository/org/testng/testng/6.14.3/testng-6.14.3.jar:/Users/parthadebnath/.m2/repository/org/apache-extras/beanshell/bsh/2.0b6/bsh-2.0b6.jar:/Users/parthadebnath/.m2/repository/com/fasterxml/jackson/core/jackson-databind/2.9.8/jackson-databind-2.9.8.jar:/Users/parthadebnath/.m2/repository/com/fasterxml/jackson/core/jackson-annotations/2.9.0/jackson-annotations-2.9.0.jar:/Users/parthadebnath/.m2/repository/com/fasterxml/jackson/core/jackson-core/2.9.8/jackson-core-2.9.8.jar:/Users/parthadebnath/.m2/repository/org/apache/poi/ooxml-schemas/1.1/ooxml-schemas-1.1.jar:/Users/parthadebnath/.m2/repository/org/apache/xmlbeans/xmlbeans/2.3.0/xmlbeans-2.3.0.jar:/Users/parthadebnath/.m2/repository/stax/stax-api/1.0.1/stax-api-1.0.1.jar:/Users/parthadebnath/.m2/repository/org/apache/poi/openxml4j/1.0-beta/openxml4j-1.0-beta.jar:/Users/parthadebnath/.m2/repository/dom4j/dom4j/1.6.1/dom4j-1.6.1.jar:/Users/parthadebnath/.m2/repository/log4j/log4j/1.2.8/log4j-1.2.8.jar:/Users/parthadebnath/.m2/repository/com/relevantcodes/extentreports/2.41.2/extentreports-2.41.2.jar:/Users/parthadebnath/.m2/repository/org/jsoup/jsoup/1.8.3/jsoup-1.8.3.jar:/Users/parthadebnath/.m2/repository/org/xerial/sqlite-jdbc/3.8.11.1/sqlite-jdbc-3.8.11.1.jar:/Users/parthadebnath/.m2/repository/org/freemarker/freemarker/2.3.23/freemarker-2.3.23.jar:/Users/parthadebnath/.m2/repository/org/mongodb/mongodb-driver/3.0.4/mongodb-driver-3.0.4.jar:/Users/parthadebnath/.m2/repository/org/mongodb/bson/3.0.4/bson-3.0.4.jar:/Users/parthadebnath/.m2/repository/org/mongodb/mongodb-driver-core/3.0.4/mongodb-driver-core-3.0.4.jar:/Users/parthadebnath/.m2/repository/org/apache/pdfbox/pdfbox/2.0.12/pdfbox-2.0.12.jar:/Users/parthadebnath/.m2/repository/org/apache/pdfbox/fontbox/2.0.12/fontbox-2.0.12.jar:/Users/parthadebnath/.m2/repository/com/googlecode/json-simple/json-simple/1.1.1/json-simple-1.1.1.jar:/Users/parthadebnath/.m2/repository/junit/junit/4.10/junit-4.10.jar:/Users/parthadebnath/.m2/repository/org/hamcrest/hamcrest-core/1.1/hamcrest-core-1.1.jar:/Users/parthadebnath/.m2/repository/net/masterthought/maven-cucumber-reporting/5.7.0/maven-cucumber-reporting-5.7.0.jar:/Users/parthadebnath/.m2/repository/net/masterthought/cucumber-reporting/5.7.0/cucumber-reporting-5.7.0.jar:/Users/parthadebnath/.m2/repository/com/fasterxml/jackson/datatype/jackson-datatype-jsr310/2.13.0/jackson-datatype-jsr310-2.13.0.jar:/Users/parthadebnath/.m2/repository/org/apache/velocity/velocity-engine-core/2.3/velocity-engine-core-2.3.jar:/Users/parthadebnath/.m2/repository/commons-collections/commons-collections/3.2.2/commons-collections-3.2.2.jar:/Users/parthadebnath/.m2/repository/joda-time/joda-time/2.10.10/joda-time-2.10.10.jar:/Users/parthadebnath/.m2/repository/com/googlecode/owasp-java-html-sanitizer/owasp-java-html-sanitizer/20211018.2/owasp-java-html-sanitizer-20211018.2.jar:/Users/parthadebnath/.m2/repository/commons-configuration/commons-configuration/1.10/commons-configuration-1.10.jar:/Users/parthadebnath/.m2/repository/commons-lang/commons-lang/2.6/commons-lang-2.6.jar:/Users/parthadebnath/.m2/repository/com/google/code/gson/gson/2.8.1/gson-2.8.1.jar:/Users/parthadebnath/.m2/repository/org/apache/maven/maven-plugin-api/3.5.0/maven-plugin-api-3.5.0.jar:/Users/parthadebnath/.m2/repository/org/apache/maven/maven-model/3.5.0/maven-model-3.5.0.jar:/Users/parthadebnath/.m2/repository/org/apache/maven/maven-artifact/3.5.0/maven-artifact-3.5.0.jar:/Users/parthadebnath/.m2/repository/org/eclipse/sisu/org.eclipse.sisu.plexus/0.3.3/org.eclipse.sisu.plexus-0.3.3.jar:/Users/parthadebnath/.m2/repository/javax/enterprise/cdi-api/1.0/cdi-api-1.0.jar:/Users/parthadebnath/.m2/repository/javax/annotation/jsr250-api/1.0/jsr250-api-1.0.jar:/Users/parthadebnath/.m2/repository/javax/inject/javax.inject/1/javax.inject-1.jar:/Users/parthadebnath/.m2/repository/org/eclipse/sisu/org.eclipse.sisu.inject/0.3.3/org.eclipse.sisu.inject-0.3.3.jar:/Users/parthadebnath/.m2/repository/org/codehaus/plexus/plexus-component-annotations/1.5.5/plexus-component-annotations-1.5.5.jar:/Users/parthadebnath/.m2/repository/org/codehaus/plexus/plexus-classworlds/2.5.2/plexus-classworlds-2.5.2.jar:/Users/parthadebnath/.m2/repository/org/apache/maven/plugins/maven-jar-plugin/3.0.2/maven-jar-plugin-3.0.2.jar:/Users/parthadebnath/.m2/repository/org/apache/maven/maven-core/3.0/maven-core-3.0.jar:/Users/parthadebnath/.m2/repository/org/apache/maven/maven-settings/3.0/maven-settings-3.0.jar:/Users/parthadebnath/.m2/repository/org/apache/maven/maven-settings-builder/3.0/maven-settings-builder-3.0.jar:/Users/parthadebnath/.m2/repository/org/apache/maven/maven-repository-metadata/3.0/maven-repository-metadata-3.0.jar:/Users/parthadebnath/.m2/repository/org/apache/maven/maven-model-builder/3.0/maven-model-builder-3.0.jar:/Users/parthadebnath/.m2/repository/org/apache/maven/maven-aether-provider/3.0/maven-aether-provider-3.0.jar:/Users/parthadebnath/.m2/repository/org/sonatype/aether/aether-impl/1.7/aether-impl-1.7.jar:/Users/parthadebnath/.m2/repository/org/sonatype/aether/aether-spi/1.7/aether-spi-1.7.jar:/Users/parthadebnath/.m2/repository/org/sonatype/aether/aether-api/1.7/aether-api-1.7.jar:/Users/parthadebnath/.m2/repository/org/sonatype/aether/aether-util/1.7/aether-util-1.7.jar:/Users/parthadebnath/.m2/repository/org/sonatype/sisu/sisu-inject-plexus/1.4.2/sisu-inject-plexus-1.4.2.jar:/Users/parthadebnath/.m2/repository/org/sonatype/sisu/sisu-inject-bean/1.4.2/sisu-inject-bean-1.4.2.jar:/Users/parthadebnath/.m2/repository/org/sonatype/sisu/sisu-guice/2.1.7/sisu-guice-2.1.7-noaop.jar:/Users/parthadebnath/.m2/repository/org/codehaus/plexus/plexus-interpolation/1.14/plexus-interpolation-1.14.jar:/Users/parthadebnath/.m2/repository/org/sonatype/plexus/plexus-sec-dispatcher/1.3/plexus-sec-dispatcher-1.3.jar:/Users/parthadebnath/.m2/repository/org/sonatype/plexus/plexus-cipher/1.4/plexus-cipher-1.4.jar:/Users/parthadebnath/.m2/repository/org/apache/maven/maven-archiver/3.1.1/maven-archiver-3.1.1.jar:/Users/parthadebnath/.m2/repository/org/apache/maven/shared/maven-shared-utils/3.0.1/maven-shared-utils-3.0.1.jar:/Users/parthadebnath/.m2/repository/org/codehaus/plexus/plexus-archiver/3.4/plexus-archiver-3.4.jar:/Users/parthadebnath/.m2/repository/org/codehaus/plexus/plexus-io/2.7.1/plexus-io-2.7.1.jar:/Users/parthadebnath/.m2/repository/org/apache/commons/commons-compress/1.11/commons-compress-1.11.jar:/Users/parthadebnath/.m2/repository/org/iq80/snappy/snappy/0.4/snappy-0.4.jar:/Users/parthadebnath/.m2/repository/org/tukaani/xz/1.5/xz-1.5.jar:/Users/parthadebnath/.m2/repository/org/codehaus/plexus/plexus-utils/3.0.24/plexus-utils-3.0.24.jar:/Users/parthadebnath/.m2/repository/com/github/scribejava/scribejava-apis/2.5.3/scribejava-apis-2.5.3.jar:/Users/parthadebnath/.m2/repository/com/github/scribejava/scribejava-core/2.5.3/scribejava-core-2.5.3.jar:/Users/parthadebnath/.m2/repository/com/sun/xml/bind/jaxb-impl/2.3.0/jaxb-impl-2.3.0.jar:/Users/parthadebnath/.m2/repository/javax/activation/activation/1.1.1/activation-1.1.1.jar:/Users/parthadebnath/.m2/repository/org/apache/commons/commons-lang3/3.0/commons-lang3-3.0.jar:/Users/parthadebnath/.m2/repository/com/oracle/ojdbc/ojdbc8/19.3.0.0/ojdbc8-19.3.0.0.jar:/Users/parthadebnath/.m2/repository/com/oracle/ojdbc/ucp/19.3.0.0/ucp-19.3.0.0.jar:/Users/parthadebnath/.m2/repository/com/oracle/ojdbc/oraclepki/19.3.0.0/oraclepki-19.3.0.0.jar:/Users/parthadebnath/.m2/repository/com/oracle/ojdbc/osdt_cert/19.3.0.0/osdt_cert-19.3.0.0.jar:/Users/parthadebnath/.m2/repository/com/oracle/ojdbc/osdt_core/19.3.0.0/osdt_core-19.3.0.0.jar:/Users/parthadebnath/.m2/repository/com/oracle/ojdbc/simplefan/19.3.0.0/simplefan-19.3.0.0.jar:/Users/parthadebnath/.m2/repository/com/oracle/ojdbc/ons/19.3.0.0/ons-19.3.0.0.jar:/Users/parthadebnath/.m2/repository/com/vimalselvam/cucumber-extentsreport/3.0.2/cucumber-extentsreport-3.0.2.jar:/Users/parthadebnath/.m2/repository/com/aventstack/extentreports/3.1.2/extentreports-3.1.2.jar:/Users/parthadebnath/.m2/repository/org/apache/maven/shared/file-management/1.2.1/file-management-1.2.1.jar:/Users/parthadebnath/.m2/repository/org/apache/maven/shared/maven-shared-io/1.1/maven-shared-io-1.1.jar:/Users/parthadebnath/.m2/repository/org/apache/maven/maven-artifact-manager/2.0.2/maven-artifact-manager-2.0.2.jar:/Users/parthadebnath/.m2/repository/org/apache/maven/wagon/wagon-provider-api/1.0-alpha-6/wagon-provider-api-1.0-alpha-6.jar:/Users/parthadebnath/.m2/repository/org/codehaus/plexus/plexus-container-default/1.0-alpha-9/plexus-container-default-1.0-alpha-9.jar:/Users/parthadebnath/.m2/repository/classworlds/classworlds/1.1-alpha-2/classworlds-1.1-alpha-2.jar:/Users/parthadebnath/.m2/repository/org/apache/poi/poi/3.17/poi-3.17.jar:/Users/parthadebnath/.m2/repository/org/apache/commons/commons-collections4/4.1/commons-collections4-4.1.jar:/Users/parthadebnath/.m2/repository/org/apache/poi/poi-ooxml/3.17/poi-ooxml-3.17.jar:/Users/parthadebnath/.m2/repository/org/apache/poi/poi-ooxml-schemas/3.17/poi-ooxml-schemas-3.17.jar:/Users/parthadebnath/.m2/repository/com/github/virtuald/curvesapi/1.04/curvesapi-1.04.jar:/Users/parthadebnath/.m2/repository/io/cucumber/cucumber-java/6.10.2/cucumber-java-6.10.2.jar:/Users/parthadebnath/.m2/repository/io/cucumber/cucumber-core/6.10.2/cucumber-core-6.10.2.jar:/Users/parthadebnath/.m2/repository/io/cucumber/cucumber-gherkin/6.10.2/cucumber-gherkin-6.10.2.jar:/Users/parthadebnath/.m2/repository/io/cucumber/cucumber-gherkin-messages/6.10.2/cucumber-gherkin-messages-6.10.2.jar:/Users/parthadebnath/.m2/repository/io/cucumber/messages/14.0.1/messages-14.0.1.jar:/Users/parthadebnath/.m2/repository/io/cucumber/tag-expressions/3.0.0/tag-expressions-3.0.0.jar:/Users/parthadebnath/.m2/repository/io/cucumber/cucumber-expressions/10.3.0/cucumber-expressions-10.3.0.jar:/Users/parthadebnath/.m2/repository/io/cucumber/datatable/3.5.0/datatable-3.5.0.jar:/Users/parthadebnath/.m2/repository/io/cucumber/cucumber-plugin/6.10.2/cucumber-plugin-6.10.2.jar:/Users/parthadebnath/.m2/repository/io/cucumber/docstring/6.10.2/docstring-6.10.2.jar:/Users/parthadebnath/.m2/repository/io/cucumber/html-formatter/12.0.0/html-formatter-12.0.0.jar:/Users/parthadebnath/.m2/repository/io/cucumber/create-meta/3.0.0/create-meta-3.0.0.jar:/Users/parthadebnath/.m2/repository/org/apiguardian/apiguardian-api/1.1.1/apiguardian-api-1.1.1.jar:/Users/parthadebnath/.m2/repository/io/cucumber/cucumber-junit/6.10.2/cucumber-junit-6.10.2.jar:/Users/parthadebnath/.m2/repository/io/cucumber/cucumber-testng/6.10.2/cucumber-testng-6.10.2.jar:"/>
    <property name="sun.cpu.endian" value="little"/>
    <property name="user.home" value="/Users/parthadebnath"/>
    <property name="user.language" value="en"/>
    <property name="java.specification.vendor" value="Oracle Corporation"/>
    <property name="java.version.date" value="2024-07-16"/>
    <property name="java.home" value="/Library/Java/JavaVirtualMachines/jdk-17.jdk/Contents/Home"/>
    <property name="file.separator" value="/"/>
    <property name="basedir" value="/Users/parthadebnath/eclipse-Batch-40/practice/Batch40.Swaglabs.Partha"/>
    <property name="java.vm.compressedOopsMode" value="Zero based"/>
    <property name="line.separator" value="&#10;"/>
    <property name="java.specification.name" value="Java Platform API Specification"/>
    <property name="java.vm.specification.vendor" value="Oracle Corporation"/>
    <property name="surefire.real.class.path" value="/Users/parthadebnath/eclipse-Batch-40/practice/Batch40.Swaglabs.Partha/target/surefire/surefirebooter-20241029232017082_3.jar"/>
    <property name="sun.management.compiler" value="HotSpot 64-Bit Tiered Compilers"/>
    <property name="ftp.nonProxyHosts" value="local|*.local|169.254/16|*.169.254/16"/>
    <property name="java.runtime.version" value="17.0.12+8-LTS-286"/>
    <property name="user.name" value="parthadebnath"/>
    <property name="path.separator" value=":"/>
    <property name="os.version" value="14.6.1"/>
    <property name="java.runtime.name" value="Java(TM) SE Runtime Environment"/>
    <property name="file.encoding" value="UTF-8"/>
    <property name="java.vm.name" value="Java HotSpot(TM) 64-Bit Server VM"/>
    <property name="localRepository" value="/Users/parthadebnath/.m2/repository"/>
    <property name="java.vendor.url.bug" value="https://bugreport.java.com/bugreport/"/>
    <property name="java.io.tmpdir" value="/var/folders/b8/m75nql7x1rz70glw52z76d5m0000gn/T/"/>
    <property name="java.version" value="17.0.12"/>
    <property name="user.dir" value="/Users/parthadebnath/eclipse-Batch-40/practice/Batch40.Swaglabs.Partha"/>
    <property name="os.arch" value="aarch64"/>
    <property name="java.vm.specification.name" value="Java Virtual Machine Specification"/>
    <property name="native.encoding" value="UTF-8"/>
    <property name="java.library.path" value="/Users/parthadebnath/Library/Java/Extensions:/Library/Java/Extensions:/Network/Library/Java/Extensions:/System/Library/Java/Extensions:/usr/lib/java:."/>
    <property name="java.vm.info" value="mixed mode, sharing"/>
    <property name="java.vendor" value="Oracle Corporation"/>
    <property name="java.vm.version" value="17.0.12+8-LTS-286"/>
    <property name="sun.io.unicode.encoding" value="UnicodeBig"/>
    <property name="socksNonProxyHosts" value="local|*.local|169.254/16|*.169.254/16"/>
    <property name="java.class.version" value="61.0"/>
  </properties>
  <testcase name="runScenario[&quot;As a swaglabs user, I want to login my swaglabs site with valid credentials,&quot;, &quot;Optional[Swaglabs login testing]&quot;](1)" classname="com.runner.SLLoginRunner" time="0.101">
    <system-out><![CDATA[[TestNGContentHandler] [WARN] It is strongly recommended to add "<!DOCTYPE suite SYSTEM "http://testng.org/testng-1.0.dtd" >" at the top of your file, otherwise TestNG may fail or not work as expected.

@Functional @TC1 @Smoke @regression
Scenario Outline: As a swaglabs user, I want to login my swaglabs site with valid credentials, # src/test/resources/Swaglabs.Login.feature:23
  Given Open the browser                                                                       # com.stepdef.StepdefSwaglabsLogin.open_the_browser()
  And Pass the URL "https://www.saucedemo.com/"                                                # com.stepdef.StepdefSwaglabsLogin.pass_the_url(java.lang.String)
  When Enter the username "standard_user"                                                      # com.stepdef.StepdefSwaglabsLogin.enter_the_username(java.lang.String)
  And Enter the password "secret_sauce"                                                        # com.stepdef.StepdefSwaglabsLogin.enter_the_password(java.lang.String)
  And Click the login button                                                                   # com.stepdef.StepdefSwaglabsLogin.click_the_login_button()
  And Click the menu bar                                                                       # com.stepdef.StepdefSwaglabsLogin.click_the_menu_bar()
  Then Validate login is successful                                                            # com.stepdef.StepdefSwaglabsLogin.validate_login_is_successful()
  Given Quit all browser                                                                       # com.stepdef.StepdefSwaglabsLogin.tearDown()
]]></system-out>
  </testcase>
  <testcase name="runScenario[&quot;As a user , I want to see error message while trying to login with only email no password,&quot;, &quot;Optional[Swaglabs login testing]&quot;](2)" classname="com.runner.SLLoginRunner" time="0.008">
    <system-out><![CDATA[
@Functional @Regression
Scenario Outline: As a user , I want to see error message while trying to login with only email no password, # src/test/resources/Swaglabs.Login.feature:43
  Given Open the browser                                                                                     # com.stepdef.StepdefSwaglabsLogin.open_the_browser()
  And Pass the URL "https://www.saucedemo.com/"                                                              # com.stepdef.StepdefSwaglabsLogin.pass_the_url(java.lang.String)
  When Enter the username "standard_user"                                                                    # com.stepdef.StepdefSwaglabsLogin.enter_the_username(java.lang.String)
  And Click the login button                                                                                 # com.stepdef.StepdefSwaglabsLogin.click_the_login_button()
  Then Validate error message is displyed                                                                    # com.stepdef.StepdefSwaglabsLogin.validate_error_message_is_displyed()
  Given Quit all browser                                                                                     # com.stepdef.StepdefSwaglabsLogin.tearDown()
]]></system-out>
  </testcase>
  <testcase name="runScenario[&quot;As a logged in user, I want to logout from the swaglabs website,&quot;, &quot;Optional[Swaglabs logout testing]&quot;](1)" classname="com.runner.SLLogoutRunner" time="0.012">
    <system-out><![CDATA[
@Regression
Scenario Outline: As a logged in user, I want to logout from the swaglabs website, # src/test/resources/Swaglabs.Logout.feature:24
  Given Open the browser                                                           # com.stepdef.StepdefSwaglabsLogin.open_the_browser()
  And Pass the URL "https://www.saucedemo.com/"                                    # com.stepdef.StepdefSwaglabsLogin.pass_the_url(java.lang.String)
  When Enter the username "standard_user"                                          # com.stepdef.StepdefSwaglabsLogin.enter_the_username(java.lang.String)
  And Enter the password "secret_sauce"                                            # com.stepdef.StepdefSwaglabsLogin.enter_the_password(java.lang.String)
  And Click the login button                                                       # com.stepdef.StepdefSwaglabsLogin.click_the_login_button()
  And Click the menu bar                                                           # com.stepdef.StepdefSwaglabsLogin.click_the_menu_bar()
  And Click logout button                                                          # com.stepdef.StepdefSwaglabsLogin.click_logout_button()
  Then Validate logout is successful                                               # com.stepdef.StepdefSwaglabsLogin.getSLlogout_is_successful()
  Given Quit all browser                                                           # com.stepdef.StepdefSwaglabsLogin.tearDown()
]]></system-out>
    <system-err><![CDATA[┌──────────────────────────────────────────────────────────────────────────┐
│ View your Cucumber Report at:                                            │
│ https://reports.cucumber.io/reports/3c2e0813-b607-41dc-8593-ca61b3c0f233 │
│                                                                          │
│ This report will self-destruct in 24h.                                   │
│ Keep reports forever: https://reports.cucumber.io/profile                │
└──────────────────────────────────────────────────────────────────────────┘]]></system-err>
  </testcase>
</testsuite>