<?xml version="1.0" encoding="UTF-8"?>
<!-- Generated by org.testng.reporters.JUnitReportReporter -->
<testsuite hostname="Parthas-MacBook-Air.local" failures="0" tests="1" name="com.runner.SLLogoutRunner" time="0.037" errors="0" timestamp="30 Oct 2024 00:03:10 GMT" skipped="0">
  <testcase classname="com.runner.SLLogoutRunner" name="runScenario" time="0.037"/>
</testsuite> <!-- com.runner.SLLogoutRunner -->
