<?xml version="1.0" encoding="UTF-8"?>
<!-- Generated by org.testng.reporters.JUnitReportReporter -->
<testsuite hostname="Parthas-MacBook-Air.local" failures="0" tests="2" name="com.runner.SLLoginRunner" time="0.384" errors="0" timestamp="30 Oct 2024 00:03:10 GMT" skipped="0">
  <testcase classname="com.runner.SLLoginRunner" name="runScenario" time="0.343"/>
  <testcase classname="com.runner.SLLoginRunner" name="runScenario" time="0.041"/>
</testsuite> <!-- com.runner.SLLoginRunner -->
