<?xml version="1.0" encoding="UTF-8"?>
<!-- Generated by org.testng.reporters.JUnitReportReporter -->
<testsuite hostname="Parthas-MacBook-Air.local" failures="0" tests="3" name="com.runner.SwaglabsRunnerfile" time="0.414" errors="0" timestamp="30 Oct 2024 02:58:13 GMT" skipped="0">
  <testcase classname="com.runner.SwaglabsRunnerfile" name="runScenario" time="0.346"/>
  <testcase classname="com.runner.SwaglabsRunnerfile" name="runScenario" time="0.036"/>
  <testcase classname="com.runner.SwaglabsRunnerfile" name="runScenario" time="0.032"/>
</testsuite> <!-- com.runner.SwaglabsRunnerfile -->
