<?xml version="1.0" encoding="UTF-8"?>
<!-- Generated by org.testng.reporters.JUnitReportReporter -->
<testsuite hostname="Parthas-MacBook-Air.local" failures="0" tests="1" name="com.runner.SLLogoutRunner" time="0.010" errors="0" timestamp="30 Oct 2024 03:20:21 GMT" skipped="0">
  <testcase classname="com.runner.SLLogoutRunner" name="runScenario" time="0.010"/>
</testsuite> <!-- com.runner.SLLogoutRunner -->
