<?xml version="1.0" encoding="UTF-8"?>
<!-- Generated by org.testng.reporters.JUnitReportReporter -->
<testsuite hostname="Parthas-MacBook-Air.local" failures="0" tests="2" name="com.runner.SLLoginRunner" time="0.108" errors="0" timestamp="30 Oct 2024 03:20:21 GMT" skipped="0">
  <testcase classname="com.runner.SLLoginRunner" name="runScenario" time="0.008"/>
  <testcase classname="com.runner.SLLoginRunner" name="runScenario" time="0.100"/>
</testsuite> <!-- com.runner.SLLoginRunner -->
